<?xml version="1.0" encoding="UTF-8"?>
<!-- Generated by org.testng.reporters.JUnitReportReporter -->
<testsuite hostname="CG-DTE-Student" failures="0" tests="1" name="com.actitime.testng.in.CreateCustomer" time="30.443" errors="0" timestamp="2022-06-22T22:38:14 IST" skipped="0">
  <testcase classname="com.actitime.testng.in.CreateCustomer" name="createCustomer" time="30.443"/>
  <system-out>
    <![CDATA[create customer]]>
  </system-out>
</testsuite> <!-- com.actitime.testng.in.CreateCustomer -->
